00:34:25.031 24.06 DEBUG [org.springframework.test.context.support.AbstractContextLoader] - Could not detect default resource locations for test class [ru.aston.userservice.SpringEducationalProjectApplicationTests]: no resource found for suffixes {-context.xml, Context.groovy}.
00:34:25.033 24.06 INFO  [org.springframework.test.context.support.AnnotationConfigContextLoaderUtils] - Could not detect default configuration classes for test class [ru.aston.userservice.SpringEducationalProjectApplicationTests]: SpringEducationalProjectApplicationTests does not declare any static, non-private, non-final, nested classes annotated with @Configuration.
00:34:25.192 24.06 INFO  [org.springframework.boot.test.context.SpringBootTestContextBootstrapper] - Found @SpringBootConfiguration ru.aston.SpringEducationalProjectApplication for test class ru.aston.userservice.SpringEducationalProjectApplicationTests
00:34:25.294 24.06 DEBUG [org.springframework.test.context.util.TestContextSpringFactoriesUtils] - Skipping candidate TestExecutionListener [org.springframework.test.context.observation.MicrometerObservationRegistryTestExecutionListener] due to a missing dependency. Specify custom TestExecutionListener classes or make the default TestExecutionListener classes and their required dependencies available. Offending class: io.micrometer.context.ThreadLocalAccessor. MicrometerObservationRegistryTestExecutionListener requires io.micrometer:micrometer-observation:1.10.8 or higher and io.micrometer:context-propagation:1.0.3 or higher.
00:34:25.305 24.06 DEBUG [org.springframework.test.context.support.DirtiesContextBeforeModesTestExecutionListener] - Before test class: class [SpringEducationalProjectApplicationTests], class annotated with @DirtiesContext [false] with mode [null]
00:34:25.697 24.06 INFO  [ru.aston.userservice.SpringEducationalProjectApplicationTests] - Starting SpringEducationalProjectApplicationTests using Java 24.0.1 with PID 20972 (started by Nelly in D:\Java\2.Project\SpringEducationalProject)
00:34:25.697 24.06 INFO  [ru.aston.userservice.SpringEducationalProjectApplicationTests] - No active profile set, falling back to 1 default profile: "default"
00:34:26.597 24.06 INFO  [org.springframework.data.repository.config.RepositoryConfigurationDelegate] - Bootstrapping Spring Data JPA repositories in DEFAULT mode.
00:34:26.683 24.06 INFO  [org.springframework.data.repository.config.RepositoryConfigurationDelegate] - Finished Spring Data repository scanning in 72 ms. Found 1 JPA repository interface.
00:34:27.331 24.06 INFO  [org.hibernate.jpa.internal.util.LogHelper] - HHH000204: Processing PersistenceUnitInfo [name: default]
00:34:27.406 24.06 INFO  [org.hibernate.Version] - HHH000412: Hibernate ORM core version 6.6.15.Final
00:34:27.452 24.06 INFO  [org.hibernate.cache.internal.RegionFactoryInitiator] - HHH000026: Second-level cache disabled
00:34:27.805 24.06 INFO  [org.springframework.orm.jpa.persistenceunit.SpringPersistenceUnitInfo] - No LoadTimeWeaver setup: ignoring JPA class transformer
00:34:27.844 24.06 INFO  [com.zaxxer.hikari.HikariDataSource] - HikariPool-1 - Starting...
00:34:28.163 24.06 INFO  [com.zaxxer.hikari.pool.HikariPool] - HikariPool-1 - Added connection org.postgresql.jdbc.PgConnection@311a0b3e
00:34:28.165 24.06 INFO  [com.zaxxer.hikari.HikariDataSource] - HikariPool-1 - Start completed.
00:34:28.260 24.06 INFO  [org.hibernate.orm.connections.pooling] - HHH10001005: Database info:
	Database JDBC URL [Connecting through datasource 'HikariDataSource (HikariPool-1)']
	Database driver: undefined/unknown
	Database version: 17.5
	Autocommit mode: undefined/unknown
	Isolation level: undefined/unknown
	Minimum pool size: undefined/unknown
	Maximum pool size: undefined/unknown
00:34:28.273 24.06 DEBUG [org.hibernate.type.descriptor.sql.spi.DdlTypeRegistry] - addDescriptor(2003, org.hibernate.type.descriptor.sql.internal.ArrayDdlTypeImpl@4e7eba9f) replaced previous registration(org.hibernate.type.descriptor.sql.internal.ArrayDdlTypeImpl@2df71be0)
00:34:28.273 24.06 DEBUG [org.hibernate.type.descriptor.sql.spi.DdlTypeRegistry] - addDescriptor(6, org.hibernate.type.descriptor.sql.internal.CapacityDependentDdlType@b841713) replaced previous registration(org.hibernate.type.descriptor.sql.internal.DdlTypeImpl@3fef1e6b)
00:34:29.294 24.06 INFO  [org.springframework.orm.jpa.LocalContainerEntityManagerFactoryBean] - Initialized JPA EntityManagerFactory for persistence unit 'default'
00:34:29.619 24.06 INFO  [org.springframework.data.jpa.repository.query.QueryEnhancerFactory] - Hibernate is in classpath; If applicable, HQL parser will be used.
00:34:29.851 24.06 WARN  [org.springframework.boot.autoconfigure.orm.jpa.JpaBaseConfiguration$JpaWebConfiguration] - spring.jpa.open-in-view is enabled by default. Therefore, database queries may be performed during view rendering. Explicitly configure spring.jpa.open-in-view to disable this warning
00:34:29.912 24.06 INFO  [org.springframework.validation.beanvalidation.OptionalValidatorFactoryBean] - Failed to set up a Bean Validation provider: jakarta.validation.NoProviderFoundException: Unable to create a Configuration, because no Jakarta Validation provider could be found. Add a provider like Hibernate Validator (RI) to your classpath.
00:34:30.919 24.06 INFO  [ru.aston.userservice.SpringEducationalProjectApplicationTests] - Started SpringEducationalProjectApplicationTests in 5.572 seconds (process running for 7.833)
00:34:30.939 24.06 DEBUG [org.springframework.test.context.cache] - Spring test ApplicationContext cache statistics: [DefaultContextCache@55f4ec04 size = 1, maxSize = 32, parentContextCount = 0, hitCount = 0, missCount = 1, failureCount = 0]
00:34:30.940 24.06 DEBUG [org.springframework.test.context.web.ServletTestExecutionListener] - Setting up MockHttpServletRequest, MockHttpServletResponse, ServletWebRequest, and RequestContextHolder for test class ru.aston.userservice.SpringEducationalProjectApplicationTests
00:34:30.966 24.06 DEBUG [org.springframework.test.context.support.DependencyInjectionTestExecutionListener] - Performing dependency injection for test class ru.aston.userservice.SpringEducationalProjectApplicationTests
00:34:30.966 24.06 DEBUG [org.springframework.test.context.cache] - Spring test ApplicationContext cache statistics: [DefaultContextCache@55f4ec04 size = 1, maxSize = 32, parentContextCount = 0, hitCount = 1, missCount = 1, failureCount = 0]
00:34:30.968 24.06 DEBUG [org.springframework.test.context.cache] - Spring test ApplicationContext cache statistics: [DefaultContextCache@55f4ec04 size = 1, maxSize = 32, parentContextCount = 0, hitCount = 2, missCount = 1, failureCount = 0]
00:34:30.970 24.06 DEBUG [org.springframework.test.context.support.DirtiesContextBeforeModesTestExecutionListener] - Before test method: class [SpringEducationalProjectApplicationTests], method [contextLoads], class annotated with @DirtiesContext [false] with mode [null], method annotated with @DirtiesContext [false] with mode [null]
00:34:30.974 24.06 DEBUG [org.springframework.test.context.cache] - Spring test ApplicationContext cache statistics: [DefaultContextCache@55f4ec04 size = 1, maxSize = 32, parentContextCount = 0, hitCount = 3, missCount = 1, failureCount = 0]
00:34:30.974 24.06 DEBUG [org.springframework.test.context.cache] - Spring test ApplicationContext cache statistics: [DefaultContextCache@55f4ec04 size = 1, maxSize = 32, parentContextCount = 0, hitCount = 4, missCount = 1, failureCount = 0]
00:34:31.361 24.06 DEBUG [org.springframework.test.context.cache] - Spring test ApplicationContext cache statistics: [DefaultContextCache@55f4ec04 size = 1, maxSize = 32, parentContextCount = 0, hitCount = 5, missCount = 1, failureCount = 0]
00:34:31.365 24.06 DEBUG [org.springframework.test.context.cache] - Spring test ApplicationContext cache statistics: [DefaultContextCache@55f4ec04 size = 1, maxSize = 32, parentContextCount = 0, hitCount = 6, missCount = 1, failureCount = 0]
00:34:31.368 24.06 DEBUG [org.springframework.test.context.cache] - Spring test ApplicationContext cache statistics: [DefaultContextCache@55f4ec04 size = 1, maxSize = 32, parentContextCount = 0, hitCount = 7, missCount = 1, failureCount = 0]
00:34:31.371 24.06 DEBUG [org.springframework.test.context.cache] - Spring test ApplicationContext cache statistics: [DefaultContextCache@55f4ec04 size = 1, maxSize = 32, parentContextCount = 0, hitCount = 8, missCount = 1, failureCount = 0]
00:34:31.372 24.06 DEBUG [org.springframework.test.context.cache] - Spring test ApplicationContext cache statistics: [DefaultContextCache@55f4ec04 size = 1, maxSize = 32, parentContextCount = 0, hitCount = 9, missCount = 1, failureCount = 0]
00:34:31.373 24.06 DEBUG [org.springframework.test.context.cache] - Spring test ApplicationContext cache statistics: [DefaultContextCache@55f4ec04 size = 1, maxSize = 32, parentContextCount = 0, hitCount = 10, missCount = 1, failureCount = 0]
00:34:31.373 24.06 DEBUG [org.springframework.test.context.cache] - Spring test ApplicationContext cache statistics: [DefaultContextCache@55f4ec04 size = 1, maxSize = 32, parentContextCount = 0, hitCount = 11, missCount = 1, failureCount = 0]
00:34:31.375 24.06 DEBUG [org.springframework.test.context.cache] - Spring test ApplicationContext cache statistics: [DefaultContextCache@55f4ec04 size = 1, maxSize = 32, parentContextCount = 0, hitCount = 12, missCount = 1, failureCount = 0]
00:34:31.377 24.06 DEBUG [org.springframework.test.context.cache] - Spring test ApplicationContext cache statistics: [DefaultContextCache@55f4ec04 size = 1, maxSize = 32, parentContextCount = 0, hitCount = 13, missCount = 1, failureCount = 0]
00:34:31.378 24.06 DEBUG [org.springframework.test.context.support.DirtiesContextTestExecutionListener] - After test method: class [SpringEducationalProjectApplicationTests], method [contextLoads], class annotated with @DirtiesContext [false] with mode [null], method annotated with @DirtiesContext [false] with mode [null]
00:34:31.378 24.06 DEBUG [org.springframework.test.context.web.ServletTestExecutionListener] - Resetting RequestContextHolder for test class ru.aston.userservice.SpringEducationalProjectApplicationTests
00:34:31.382 24.06 DEBUG [org.springframework.test.context.cache] - Spring test ApplicationContext cache statistics: [DefaultContextCache@55f4ec04 size = 1, maxSize = 32, parentContextCount = 0, hitCount = 14, missCount = 1, failureCount = 0]
00:34:31.384 24.06 DEBUG [org.springframework.test.context.cache] - Spring test ApplicationContext cache statistics: [DefaultContextCache@55f4ec04 size = 1, maxSize = 32, parentContextCount = 0, hitCount = 15, missCount = 1, failureCount = 0]
00:34:31.384 24.06 DEBUG [org.springframework.test.context.support.DirtiesContextTestExecutionListener] - After test class: class [SpringEducationalProjectApplicationTests], class annotated with @DirtiesContext [false] with mode [null]
00:34:31.539 24.06 DEBUG [org.springframework.test.context.support.AbstractContextLoader] - Could not detect default resource locations for test class [ru.aston.controller.UserControllerTest]: no resource found for suffixes {-context.xml, Context.groovy}.
00:34:31.539 24.06 INFO  [org.springframework.test.context.support.AnnotationConfigContextLoaderUtils] - Could not detect default configuration classes for test class [ru.aston.controller.UserControllerTest]: UserControllerTest does not declare any static, non-private, non-final, nested classes annotated with @Configuration.
00:34:31.563 24.06 INFO  [org.springframework.boot.test.context.SpringBootTestContextBootstrapper] - Found @SpringBootConfiguration ru.aston.SpringEducationalProjectApplication for test class ru.aston.controller.UserControllerTest
00:34:31.565 24.06 DEBUG [org.springframework.test.context.util.TestContextSpringFactoriesUtils] - Skipping candidate TestExecutionListener [org.springframework.test.context.observation.MicrometerObservationRegistryTestExecutionListener] due to a missing dependency. Specify custom TestExecutionListener classes or make the default TestExecutionListener classes and their required dependencies available. Offending class: io.micrometer.context.ThreadLocalAccessor. MicrometerObservationRegistryTestExecutionListener requires io.micrometer:micrometer-observation:1.10.8 or higher and io.micrometer:context-propagation:1.0.3 or higher.
00:34:31.565 24.06 DEBUG [org.springframework.test.context.support.DirtiesContextBeforeModesTestExecutionListener] - Before test class: class [UserControllerTest], class annotated with @DirtiesContext [true] with mode [AFTER_CLASS]
00:34:31.628 24.06 INFO  [org.testcontainers.images.PullPolicy] - Image pull policy will be performed by: DefaultPullPolicy()
00:34:31.634 24.06 INFO  [org.testcontainers.utility.ImageNameSubstitutor] - Image name substitution will be performed by: DefaultImageNameSubstitutor (composite of 'ConfigurationFileImageNameSubstitutor' and 'PrefixingImageNameSubstitutor')
00:34:31.648 24.06 INFO  [org.testcontainers.DockerClientFactory] - Testcontainers version: 1.21.0
00:34:31.804 24.06 INFO  [org.springframework.orm.jpa.LocalContainerEntityManagerFactoryBean] - Closing JPA EntityManagerFactory for persistence unit 'default'
00:34:31.806 24.06 INFO  [com.zaxxer.hikari.HikariDataSource] - HikariPool-1 - Shutdown initiated...
00:34:31.811 24.06 INFO  [com.zaxxer.hikari.HikariDataSource] - HikariPool-1 - Shutdown completed.
01:06:28.834 24.06 DEBUG [org.springframework.test.context.support.AbstractContextLoader] - Could not detect default resource locations for test class [ru.aston.userservice.SpringEducationalProjectApplicationTests]: no resource found for suffixes {-context.xml, Context.groovy}.
01:06:28.836 24.06 INFO  [org.springframework.test.context.support.AnnotationConfigContextLoaderUtils] - Could not detect default configuration classes for test class [ru.aston.userservice.SpringEducationalProjectApplicationTests]: SpringEducationalProjectApplicationTests does not declare any static, non-private, non-final, nested classes annotated with @Configuration.
01:06:29.170 24.06 INFO  [org.springframework.boot.test.context.SpringBootTestContextBootstrapper] - Found @SpringBootConfiguration ru.aston.SpringEducationalProjectApplication for test class ru.aston.userservice.SpringEducationalProjectApplicationTests
01:06:29.572 24.06 DEBUG [org.springframework.test.context.util.TestContextSpringFactoriesUtils] - Skipping candidate TestExecutionListener [org.springframework.test.context.observation.MicrometerObservationRegistryTestExecutionListener] due to a missing dependency. Specify custom TestExecutionListener classes or make the default TestExecutionListener classes and their required dependencies available. Offending class: io.micrometer.context.ThreadLocalAccessor. MicrometerObservationRegistryTestExecutionListener requires io.micrometer:micrometer-observation:1.10.8 or higher and io.micrometer:context-propagation:1.0.3 or higher.
01:06:29.607 24.06 DEBUG [org.springframework.test.context.support.DirtiesContextBeforeModesTestExecutionListener] - Before test class: class [SpringEducationalProjectApplicationTests], class annotated with @DirtiesContext [false] with mode [null]
01:06:30.581 24.06 INFO  [ru.aston.userservice.SpringEducationalProjectApplicationTests] - Starting SpringEducationalProjectApplicationTests using Java 24.0.1 with PID 1468 (started by Nelly in D:\Java\2.Project\SpringEducationalProject)
01:06:30.583 24.06 INFO  [ru.aston.userservice.SpringEducationalProjectApplicationTests] - No active profile set, falling back to 1 default profile: "default"
01:06:32.088 24.06 INFO  [org.springframework.data.repository.config.RepositoryConfigurationDelegate] - Bootstrapping Spring Data JPA repositories in DEFAULT mode.
01:06:32.215 24.06 INFO  [org.springframework.data.repository.config.RepositoryConfigurationDelegate] - Finished Spring Data repository scanning in 106 ms. Found 1 JPA repository interface.
01:06:33.203 24.06 INFO  [org.hibernate.jpa.internal.util.LogHelper] - HHH000204: Processing PersistenceUnitInfo [name: default]
01:06:33.351 24.06 INFO  [org.hibernate.Version] - HHH000412: Hibernate ORM core version 6.6.15.Final
01:06:33.418 24.06 INFO  [org.hibernate.cache.internal.RegionFactoryInitiator] - HHH000026: Second-level cache disabled
01:06:34.385 24.06 INFO  [org.springframework.orm.jpa.persistenceunit.SpringPersistenceUnitInfo] - No LoadTimeWeaver setup: ignoring JPA class transformer
01:06:34.485 24.06 INFO  [com.zaxxer.hikari.HikariDataSource] - HikariPool-1 - Starting...
01:06:35.003 24.06 INFO  [com.zaxxer.hikari.pool.HikariPool] - HikariPool-1 - Added connection org.postgresql.jdbc.PgConnection@2bbaaa7e
01:06:35.005 24.06 INFO  [com.zaxxer.hikari.HikariDataSource] - HikariPool-1 - Start completed.
01:06:35.256 24.06 INFO  [org.hibernate.orm.connections.pooling] - HHH10001005: Database info:
	Database JDBC URL [Connecting through datasource 'HikariDataSource (HikariPool-1)']
	Database driver: undefined/unknown
	Database version: 17.5
	Autocommit mode: undefined/unknown
	Isolation level: undefined/unknown
	Minimum pool size: undefined/unknown
	Maximum pool size: undefined/unknown
01:06:35.276 24.06 DEBUG [org.hibernate.type.descriptor.sql.spi.DdlTypeRegistry] - addDescriptor(2003, org.hibernate.type.descriptor.sql.internal.ArrayDdlTypeImpl@57c03e3c) replaced previous registration(org.hibernate.type.descriptor.sql.internal.ArrayDdlTypeImpl@35f4da78)
01:06:35.276 24.06 DEBUG [org.hibernate.type.descriptor.sql.spi.DdlTypeRegistry] - addDescriptor(6, org.hibernate.type.descriptor.sql.internal.CapacityDependentDdlType@5bc79503) replaced previous registration(org.hibernate.type.descriptor.sql.internal.DdlTypeImpl@41138907)
01:06:37.321 24.06 INFO  [org.springframework.orm.jpa.LocalContainerEntityManagerFactoryBean] - Initialized JPA EntityManagerFactory for persistence unit 'default'
01:06:37.822 24.06 INFO  [org.springframework.data.jpa.repository.query.QueryEnhancerFactory] - Hibernate is in classpath; If applicable, HQL parser will be used.
01:06:38.152 24.06 WARN  [org.springframework.boot.autoconfigure.orm.jpa.JpaBaseConfiguration$JpaWebConfiguration] - spring.jpa.open-in-view is enabled by default. Therefore, database queries may be performed during view rendering. Explicitly configure spring.jpa.open-in-view to disable this warning
01:06:38.234 24.06 INFO  [org.springframework.validation.beanvalidation.OptionalValidatorFactoryBean] - Failed to set up a Bean Validation provider: jakarta.validation.NoProviderFoundException: Unable to create a Configuration, because no Jakarta Validation provider could be found. Add a provider like Hibernate Validator (RI) to your classpath.
01:06:38.955 24.06 INFO  [ru.aston.userservice.SpringEducationalProjectApplicationTests] - Started SpringEducationalProjectApplicationTests in 9.254 seconds (process running for 13.188)
01:06:38.964 24.06 DEBUG [org.springframework.test.context.cache] - Spring test ApplicationContext cache statistics: [DefaultContextCache@7bdc097 size = 1, maxSize = 32, parentContextCount = 0, hitCount = 0, missCount = 1, failureCount = 0]
01:06:38.965 24.06 DEBUG [org.springframework.test.context.web.ServletTestExecutionListener] - Setting up MockHttpServletRequest, MockHttpServletResponse, ServletWebRequest, and RequestContextHolder for test class ru.aston.userservice.SpringEducationalProjectApplicationTests
01:06:38.993 24.06 DEBUG [org.springframework.test.context.support.DependencyInjectionTestExecutionListener] - Performing dependency injection for test class ru.aston.userservice.SpringEducationalProjectApplicationTests
01:06:38.993 24.06 DEBUG [org.springframework.test.context.cache] - Spring test ApplicationContext cache statistics: [DefaultContextCache@7bdc097 size = 1, maxSize = 32, parentContextCount = 0, hitCount = 1, missCount = 1, failureCount = 0]
01:06:38.995 24.06 DEBUG [org.springframework.test.context.cache] - Spring test ApplicationContext cache statistics: [DefaultContextCache@7bdc097 size = 1, maxSize = 32, parentContextCount = 0, hitCount = 2, missCount = 1, failureCount = 0]
01:06:38.996 24.06 DEBUG [org.springframework.test.context.support.DirtiesContextBeforeModesTestExecutionListener] - Before test method: class [SpringEducationalProjectApplicationTests], method [contextLoads], class annotated with @DirtiesContext [false] with mode [null], method annotated with @DirtiesContext [false] with mode [null]
01:06:38.999 24.06 DEBUG [org.springframework.test.context.cache] - Spring test ApplicationContext cache statistics: [DefaultContextCache@7bdc097 size = 1, maxSize = 32, parentContextCount = 0, hitCount = 3, missCount = 1, failureCount = 0]
01:06:38.999 24.06 DEBUG [org.springframework.test.context.cache] - Spring test ApplicationContext cache statistics: [DefaultContextCache@7bdc097 size = 1, maxSize = 32, parentContextCount = 0, hitCount = 4, missCount = 1, failureCount = 0]
01:06:39.226 24.06 DEBUG [org.springframework.test.context.cache] - Spring test ApplicationContext cache statistics: [DefaultContextCache@7bdc097 size = 1, maxSize = 32, parentContextCount = 0, hitCount = 5, missCount = 1, failureCount = 0]
01:06:39.230 24.06 DEBUG [org.springframework.test.context.cache] - Spring test ApplicationContext cache statistics: [DefaultContextCache@7bdc097 size = 1, maxSize = 32, parentContextCount = 0, hitCount = 6, missCount = 1, failureCount = 0]
01:06:39.232 24.06 DEBUG [org.springframework.test.context.cache] - Spring test ApplicationContext cache statistics: [DefaultContextCache@7bdc097 size = 1, maxSize = 32, parentContextCount = 0, hitCount = 7, missCount = 1, failureCount = 0]
01:06:39.232 24.06 DEBUG [org.springframework.test.context.cache] - Spring test ApplicationContext cache statistics: [DefaultContextCache@7bdc097 size = 1, maxSize = 32, parentContextCount = 0, hitCount = 8, missCount = 1, failureCount = 0]
01:06:39.233 24.06 DEBUG [org.springframework.test.context.cache] - Spring test ApplicationContext cache statistics: [DefaultContextCache@7bdc097 size = 1, maxSize = 32, parentContextCount = 0, hitCount = 9, missCount = 1, failureCount = 0]
01:06:39.233 24.06 DEBUG [org.springframework.test.context.cache] - Spring test ApplicationContext cache statistics: [DefaultContextCache@7bdc097 size = 1, maxSize = 32, parentContextCount = 0, hitCount = 10, missCount = 1, failureCount = 0]
01:06:39.234 24.06 DEBUG [org.springframework.test.context.cache] - Spring test ApplicationContext cache statistics: [DefaultContextCache@7bdc097 size = 1, maxSize = 32, parentContextCount = 0, hitCount = 11, missCount = 1, failureCount = 0]
01:06:39.235 24.06 DEBUG [org.springframework.test.context.cache] - Spring test ApplicationContext cache statistics: [DefaultContextCache@7bdc097 size = 1, maxSize = 32, parentContextCount = 0, hitCount = 12, missCount = 1, failureCount = 0]
01:06:39.237 24.06 DEBUG [org.springframework.test.context.cache] - Spring test ApplicationContext cache statistics: [DefaultContextCache@7bdc097 size = 1, maxSize = 32, parentContextCount = 0, hitCount = 13, missCount = 1, failureCount = 0]
01:06:39.238 24.06 DEBUG [org.springframework.test.context.support.DirtiesContextTestExecutionListener] - After test method: class [SpringEducationalProjectApplicationTests], method [contextLoads], class annotated with @DirtiesContext [false] with mode [null], method annotated with @DirtiesContext [false] with mode [null]
01:06:39.238 24.06 DEBUG [org.springframework.test.context.web.ServletTestExecutionListener] - Resetting RequestContextHolder for test class ru.aston.userservice.SpringEducationalProjectApplicationTests
01:06:39.240 24.06 DEBUG [org.springframework.test.context.cache] - Spring test ApplicationContext cache statistics: [DefaultContextCache@7bdc097 size = 1, maxSize = 32, parentContextCount = 0, hitCount = 14, missCount = 1, failureCount = 0]
01:06:39.240 24.06 DEBUG [org.springframework.test.context.cache] - Spring test ApplicationContext cache statistics: [DefaultContextCache@7bdc097 size = 1, maxSize = 32, parentContextCount = 0, hitCount = 15, missCount = 1, failureCount = 0]
01:06:39.240 24.06 DEBUG [org.springframework.test.context.support.DirtiesContextTestExecutionListener] - After test class: class [SpringEducationalProjectApplicationTests], class annotated with @DirtiesContext [false] with mode [null]
01:06:39.370 24.06 DEBUG [org.springframework.test.context.support.AbstractContextLoader] - Could not detect default resource locations for test class [ru.aston.controller.UserControllerTest]: no resource found for suffixes {-context.xml, Context.groovy}.
01:06:39.370 24.06 INFO  [org.springframework.test.context.support.AnnotationConfigContextLoaderUtils] - Could not detect default configuration classes for test class [ru.aston.controller.UserControllerTest]: UserControllerTest does not declare any static, non-private, non-final, nested classes annotated with @Configuration.
01:06:39.392 24.06 INFO  [org.springframework.boot.test.context.SpringBootTestContextBootstrapper] - Found @SpringBootConfiguration ru.aston.SpringEducationalProjectApplication for test class ru.aston.controller.UserControllerTest
01:06:39.394 24.06 DEBUG [org.springframework.test.context.util.TestContextSpringFactoriesUtils] - Skipping candidate TestExecutionListener [org.springframework.test.context.observation.MicrometerObservationRegistryTestExecutionListener] due to a missing dependency. Specify custom TestExecutionListener classes or make the default TestExecutionListener classes and their required dependencies available. Offending class: io.micrometer.context.ThreadLocalAccessor. MicrometerObservationRegistryTestExecutionListener requires io.micrometer:micrometer-observation:1.10.8 or higher and io.micrometer:context-propagation:1.0.3 or higher.
01:06:39.395 24.06 DEBUG [org.springframework.test.context.support.DirtiesContextBeforeModesTestExecutionListener] - Before test class: class [UserControllerTest], class annotated with @DirtiesContext [true] with mode [AFTER_CLASS]
01:06:39.479 24.06 INFO  [org.testcontainers.images.PullPolicy] - Image pull policy will be performed by: DefaultPullPolicy()
01:06:39.483 24.06 INFO  [org.testcontainers.utility.ImageNameSubstitutor] - Image name substitution will be performed by: DefaultImageNameSubstitutor (composite of 'ConfigurationFileImageNameSubstitutor' and 'PrefixingImageNameSubstitutor')
01:06:39.496 24.06 INFO  [org.testcontainers.DockerClientFactory] - Testcontainers version: 1.21.0
01:06:39.998 24.06 INFO  [org.testcontainers.dockerclient.DockerClientProviderStrategy] - Loaded org.testcontainers.dockerclient.NpipeSocketClientProviderStrategy from ~/.testcontainers.properties, will try it first
01:06:40.011 24.06 INFO  [org.testcontainers.dockerclient.DockerMachineClientProviderStrategy] - docker-machine executable was not found on PATH ([C:\Program Files\Common Files\Oracle\Java\javapath, C:\Windows\system32, C:\Windows, C:\Windows\System32\Wbem, C:\Windows\System32\WindowsPowerShell\v1.0\, C:\Windows\System32\OpenSSH\, C:\Program Files (x86)\NVIDIA Corporation\PhysX\Common, C:\Program Files\NVIDIA Corporation\NVIDIA app\NvDLISR, C:\Program Files\TortoiseGit\bin, C:\Program Files\Docker\Docker\resources\bin, C:\Program Files\Git\cmd, C:\Users\Nelly\AppData\Local\Microsoft\WindowsApps, , C:\Program Files\JetBrains\IntelliJ IDEA Community Edition 2023.1.2\bin, C:\Users\Nelly\AppData\Local\Programs\Microsoft VS Code\bin, C:\Program Files\JetBrains\IntelliJ IDEA 2025.1.1.1\bin])
01:06:40.011 24.06 ERROR [org.testcontainers.dockerclient.DockerClientProviderStrategy] - Could not find a valid Docker environment. Please check configuration. Attempted configurations were:
As no valid configuration was found, execution cannot continue.
See https://java.testcontainers.org/on_failure.html for more details.
01:06:40.013 24.06 DEBUG [org.springframework.test.context.support.DirtiesContextTestExecutionListener] - After test class: class [UserControllerTest], class annotated with @DirtiesContext [true] with mode [AFTER_CLASS]
01:06:40.041 24.06 INFO  [org.springframework.orm.jpa.LocalContainerEntityManagerFactoryBean] - Closing JPA EntityManagerFactory for persistence unit 'default'
01:06:40.044 24.06 INFO  [com.zaxxer.hikari.HikariDataSource] - HikariPool-1 - Shutdown initiated...
01:06:40.053 24.06 INFO  [com.zaxxer.hikari.HikariDataSource] - HikariPool-1 - Shutdown completed.
13:31:58.989 24.06 INFO  [ru.aston.SpringEducationalProjectApplication] - Starting SpringEducationalProjectApplication using Java 24.0.1 with PID 14924 (D:\Java\2.Project\SpringEducationalProject\target\classes started by Nelly in D:\Java\2.Project\SpringEducationalProject)
13:31:58.991 24.06 INFO  [ru.aston.SpringEducationalProjectApplication] - No active profile set, falling back to 1 default profile: "default"
13:31:59.748 24.06 INFO  [org.springframework.data.repository.config.RepositoryConfigurationDelegate] - Bootstrapping Spring Data JPA repositories in DEFAULT mode.
13:31:59.809 24.06 INFO  [org.springframework.data.repository.config.RepositoryConfigurationDelegate] - Finished Spring Data repository scanning in 52 ms. Found 1 JPA repository interface.
13:32:00.263 24.06 INFO  [org.springframework.boot.web.embedded.tomcat.TomcatWebServer] - Tomcat initialized with port 8181 (http)
13:32:00.277 24.06 INFO  [org.apache.coyote.http11.Http11NioProtocol] - Initializing ProtocolHandler ["http-nio-8181"]
13:32:00.278 24.06 INFO  [org.apache.catalina.core.StandardService] - Starting service [Tomcat]
13:32:00.278 24.06 INFO  [org.apache.catalina.core.StandardEngine] - Starting Servlet engine: [Apache Tomcat/10.1.41]
13:32:00.345 24.06 INFO  [org.apache.catalina.core.ContainerBase.[Tomcat].[localhost].[/]] - Initializing Spring embedded WebApplicationContext
13:32:00.346 24.06 INFO  [org.springframework.boot.web.servlet.context.ServletWebServerApplicationContext] - Root WebApplicationContext: initialization completed in 1302 ms
13:32:00.582 24.06 INFO  [org.hibernate.jpa.internal.util.LogHelper] - HHH000204: Processing PersistenceUnitInfo [name: default]
13:32:00.689 24.06 INFO  [org.hibernate.Version] - HHH000412: Hibernate ORM core version 6.6.15.Final
13:32:00.762 24.06 INFO  [org.hibernate.cache.internal.RegionFactoryInitiator] - HHH000026: Second-level cache disabled
13:32:01.275 24.06 INFO  [org.springframework.orm.jpa.persistenceunit.SpringPersistenceUnitInfo] - No LoadTimeWeaver setup: ignoring JPA class transformer
13:32:01.308 24.06 INFO  [com.zaxxer.hikari.HikariDataSource] - HikariPool-1 - Starting...
13:32:01.523 24.06 INFO  [com.zaxxer.hikari.pool.HikariPool] - HikariPool-1 - Added connection org.postgresql.jdbc.PgConnection@7c3c453b
13:32:01.524 24.06 INFO  [com.zaxxer.hikari.HikariDataSource] - HikariPool-1 - Start completed.
13:32:01.611 24.06 INFO  [org.hibernate.orm.connections.pooling] - HHH10001005: Database info:
	Database JDBC URL [Connecting through datasource 'HikariDataSource (HikariPool-1)']
	Database driver: undefined/unknown
	Database version: 17.5
	Autocommit mode: undefined/unknown
	Isolation level: undefined/unknown
	Minimum pool size: undefined/unknown
	Maximum pool size: undefined/unknown
13:32:01.617 24.06 DEBUG [org.hibernate.type.descriptor.sql.spi.DdlTypeRegistry] - addDescriptor(2003, org.hibernate.type.descriptor.sql.internal.ArrayDdlTypeImpl@640a8f93) replaced previous registration(org.hibernate.type.descriptor.sql.internal.ArrayDdlTypeImpl@6335f04a)
13:32:01.617 24.06 DEBUG [org.hibernate.type.descriptor.sql.spi.DdlTypeRegistry] - addDescriptor(6, org.hibernate.type.descriptor.sql.internal.CapacityDependentDdlType@74ce7fdf) replaced previous registration(org.hibernate.type.descriptor.sql.internal.DdlTypeImpl@1f26b992)
13:32:02.631 24.06 INFO  [org.springframework.orm.jpa.LocalContainerEntityManagerFactoryBean] - Initialized JPA EntityManagerFactory for persistence unit 'default'
13:32:02.909 24.06 INFO  [org.springframework.data.jpa.repository.query.QueryEnhancerFactory] - Hibernate is in classpath; If applicable, HQL parser will be used.
13:32:03.002 24.06 WARN  [org.springframework.boot.autoconfigure.orm.jpa.JpaBaseConfiguration$JpaWebConfiguration] - spring.jpa.open-in-view is enabled by default. Therefore, database queries may be performed during view rendering. Explicitly configure spring.jpa.open-in-view to disable this warning
13:32:03.043 24.06 INFO  [org.springframework.validation.beanvalidation.OptionalValidatorFactoryBean] - Failed to set up a Bean Validation provider: jakarta.validation.NoProviderFoundException: Unable to create a Configuration, because no Jakarta Validation provider could be found. Add a provider like Hibernate Validator (RI) to your classpath.
13:32:03.448 24.06 INFO  [org.apache.coyote.http11.Http11NioProtocol] - Starting ProtocolHandler ["http-nio-8181"]
13:32:03.462 24.06 INFO  [org.springframework.boot.web.embedded.tomcat.TomcatWebServer] - Tomcat started on port 8181 (http) with context path '/'
13:32:03.469 24.06 INFO  [ru.aston.SpringEducationalProjectApplication] - Started SpringEducationalProjectApplication in 5.022 seconds (process running for 9.304)
13:32:26.877 24.06 INFO  [org.apache.catalina.core.ContainerBase.[Tomcat].[localhost].[/]] - Initializing Spring DispatcherServlet 'dispatcherServlet'
13:32:26.877 24.06 INFO  [org.springframework.web.servlet.DispatcherServlet] - Initializing Servlet 'dispatcherServlet'
13:32:26.878 24.06 INFO  [org.springframework.web.servlet.DispatcherServlet] - Completed initialization in 1 ms
13:32:26.980 24.06 INFO  [ru.aston.service.impl.UserServiceImpl] - createUser() UserDTO  = User: id = 100; name = test; email = pashkin.computer@gmail.com; age = 18; createdAt = 21 ноября 2018 11:13:13.
13:32:26.986 24.06 INFO  [ru.aston.service.impl.UserServiceImpl] - createUser() = User: id = 100; name = test; email = pashkin.computer@gmail.com; age = 18; createdAt = 21 ноября 2018 11:13:13.
13:32:27.023 24.06 DEBUG [org.hibernate.SQL] - 
    select
        u1_0.id,
        u1_0.age,
        u1_0.created_at,
        u1_0.email,
        u1_0.name 
    from
        users u1_0 
    where
        u1_0.id=?
13:32:27.075 24.06 DEBUG [org.hibernate.SQL] - 
    /* insert for
        ru.aston.entity.User */insert 
    into
        users (age, created_at, email, name, id) 
    values
        (?, ?, ?, ?, ?)
13:32:27.085 24.06 INFO  [ru.aston.kafka.Producer] - sendMessage() topic = USERS, key = create, message = pashkin.computer@gmail.com
13:32:27.113 24.06 INFO  [org.apache.kafka.clients.producer.ProducerConfig] - ProducerConfig values: 
	acks = -1
	auto.include.jmx.reporter = true
	batch.size = 16384
	bootstrap.servers = [localhost:9092]
	buffer.memory = 33554432
	client.dns.lookup = use_all_dns_ips
	client.id = example-1
	compression.gzip.level = -1
	compression.lz4.level = 9
	compression.type = none
	compression.zstd.level = 3
	connections.max.idle.ms = 540000
	delivery.timeout.ms = 120000
	enable.idempotence = true
	enable.metrics.push = true
	interceptor.classes = []
	key.serializer = class org.apache.kafka.common.serialization.StringSerializer
	linger.ms = 0
	max.block.ms = 60000
	max.in.flight.requests.per.connection = 5
	max.request.size = 1048576
	metadata.max.age.ms = 300000
	metadata.max.idle.ms = 300000
	metadata.recovery.strategy = none
	metric.reporters = []
	metrics.num.samples = 2
	metrics.recording.level = INFO
	metrics.sample.window.ms = 30000
	partitioner.adaptive.partitioning.enable = true
	partitioner.availability.timeout.ms = 0
	partitioner.class = null
	partitioner.ignore.keys = false
	receive.buffer.bytes = 32768
	reconnect.backoff.max.ms = 1000
	reconnect.backoff.ms = 50
	request.timeout.ms = 30000
	retries = 2
	retry.backoff.max.ms = 1000
	retry.backoff.ms = 100
	sasl.client.callback.handler.class = null
	sasl.jaas.config = null
	sasl.kerberos.kinit.cmd = /usr/bin/kinit
	sasl.kerberos.min.time.before.relogin = 60000
	sasl.kerberos.service.name = null
	sasl.kerberos.ticket.renew.jitter = 0.05
	sasl.kerberos.ticket.renew.window.factor = 0.8
	sasl.login.callback.handler.class = null
	sasl.login.class = null
	sasl.login.connect.timeout.ms = null
	sasl.login.read.timeout.ms = null
	sasl.login.refresh.buffer.seconds = 300
	sasl.login.refresh.min.period.seconds = 60
	sasl.login.refresh.window.factor = 0.8
	sasl.login.refresh.window.jitter = 0.05
	sasl.login.retry.backoff.max.ms = 10000
	sasl.login.retry.backoff.ms = 100
	sasl.mechanism = GSSAPI
	sasl.oauthbearer.clock.skew.seconds = 30
	sasl.oauthbearer.expected.audience = null
	sasl.oauthbearer.expected.issuer = null
	sasl.oauthbearer.header.urlencode = false
	sasl.oauthbearer.jwks.endpoint.refresh.ms = 3600000
	sasl.oauthbearer.jwks.endpoint.retry.backoff.max.ms = 10000
	sasl.oauthbearer.jwks.endpoint.retry.backoff.ms = 100
	sasl.oauthbearer.jwks.endpoint.url = null
	sasl.oauthbearer.scope.claim.name = scope
	sasl.oauthbearer.sub.claim.name = sub
	sasl.oauthbearer.token.endpoint.url = null
	security.protocol = PLAINTEXT
	security.providers = null
	send.buffer.bytes = 131072
	socket.connection.setup.timeout.max.ms = 30000
	socket.connection.setup.timeout.ms = 10000
	ssl.cipher.suites = null
	ssl.enabled.protocols = [TLSv1.2, TLSv1.3]
	ssl.endpoint.identification.algorithm = https
	ssl.engine.factory.class = null
	ssl.key.password = null
	ssl.keymanager.algorithm = SunX509
	ssl.keystore.certificate.chain = null
	ssl.keystore.key = null
	ssl.keystore.location = null
	ssl.keystore.password = null
	ssl.keystore.type = JKS
	ssl.protocol = TLSv1.3
	ssl.provider = null
	ssl.secure.random.implementation = null
	ssl.trustmanager.algorithm = PKIX
	ssl.truststore.certificates = null
	ssl.truststore.location = null
	ssl.truststore.password = null
	ssl.truststore.type = JKS
	transaction.timeout.ms = 60000
	transactional.id = null
	value.serializer = class org.apache.kafka.common.serialization.StringSerializer

13:32:27.143 24.06 INFO  [org.apache.kafka.common.telemetry.internals.KafkaMetricsCollector] - initializing Kafka metrics collector
13:32:27.160 24.06 INFO  [org.apache.kafka.clients.producer.KafkaProducer] - [Producer clientId=example-1] Instantiated an idempotent producer.
13:32:27.200 24.06 INFO  [org.apache.kafka.common.utils.AppInfoParser] - Kafka version: 3.9.1
13:32:27.200 24.06 INFO  [org.apache.kafka.common.utils.AppInfoParser] - Kafka commitId: f745dfdcee2b9851
13:32:27.200 24.06 INFO  [org.apache.kafka.common.utils.AppInfoParser] - Kafka startTimeMs: 1750761147199
13:32:27.560 24.06 INFO  [org.apache.kafka.clients.Metadata] - [Producer clientId=example-1] Cluster ID: yx0ezkn8QHCNNxsAeyXmLA
13:32:27.561 24.06 INFO  [org.apache.kafka.clients.producer.internals.TransactionManager] - [Producer clientId=example-1] ProducerId set to 0 with epoch 0
13:32:43.963 24.06 INFO  [ru.aston.service.impl.UserServiceImpl] - deleteUser() id = 100
13:32:43.963 24.06 INFO  [ru.aston.service.impl.UserServiceImpl] - deleteUserById() id = 100
13:32:43.970 24.06 DEBUG [org.hibernate.SQL] - 
    select
        u1_0.id,
        u1_0.age,
        u1_0.created_at,
        u1_0.email,
        u1_0.name 
    from
        users u1_0 
    where
        u1_0.id=?
13:32:44.046 24.06 DEBUG [org.hibernate.SQL] - 
    /* dynamic native SQL query */ DELETE 
    FROM
        users 
    WHERE
        id = ?
13:32:44.052 24.06 INFO  [ru.aston.kafka.Producer] - sendMessage() topic = USERS, key = remove, message = pashkin.computer@gmail.com
13:33:01.365 24.06 INFO  [org.springframework.boot.web.embedded.tomcat.GracefulShutdown] - Commencing graceful shutdown. Waiting for active requests to complete
13:33:01.375 24.06 INFO  [org.springframework.boot.web.embedded.tomcat.GracefulShutdown] - Graceful shutdown complete
13:33:01.378 24.06 INFO  [org.apache.kafka.clients.producer.KafkaProducer] - [Producer clientId=example-1] Closing the Kafka producer with timeoutMillis = 30000 ms.
13:33:01.388 24.06 INFO  [org.apache.kafka.common.metrics.Metrics] - Metrics scheduler closed
13:33:01.388 24.06 INFO  [org.apache.kafka.common.metrics.Metrics] - Closing reporter org.apache.kafka.common.metrics.JmxReporter
13:33:01.388 24.06 INFO  [org.apache.kafka.common.metrics.Metrics] - Closing reporter org.apache.kafka.common.telemetry.internals.ClientTelemetryReporter
13:33:01.388 24.06 INFO  [org.apache.kafka.common.metrics.Metrics] - Metrics reporters closed
13:33:01.389 24.06 INFO  [org.apache.kafka.common.utils.AppInfoParser] - App info kafka.producer for example-1 unregistered
13:33:01.391 24.06 INFO  [org.springframework.orm.jpa.LocalContainerEntityManagerFactoryBean] - Closing JPA EntityManagerFactory for persistence unit 'default'
13:33:01.394 24.06 INFO  [com.zaxxer.hikari.HikariDataSource] - HikariPool-1 - Shutdown initiated...
13:33:01.398 24.06 INFO  [com.zaxxer.hikari.HikariDataSource] - HikariPool-1 - Shutdown completed.
13:53:40.968 24.06 INFO  [ru.aston.SpringEducationalProjectApplication] - Starting SpringEducationalProjectApplication using Java 24.0.1 with PID 18636 (D:\Java\2.Project\SpringEducationalProject\target\classes started by Nelly in D:\Java\2.Project\SpringEducationalProject)
13:53:40.971 24.06 INFO  [ru.aston.SpringEducationalProjectApplication] - No active profile set, falling back to 1 default profile: "default"
13:53:42.765 24.06 INFO  [org.springframework.data.repository.config.RepositoryConfigurationDelegate] - Bootstrapping Spring Data JPA repositories in DEFAULT mode.
13:53:42.938 24.06 INFO  [org.springframework.data.repository.config.RepositoryConfigurationDelegate] - Finished Spring Data repository scanning in 146 ms. Found 1 JPA repository interface.
13:53:44.352 24.06 INFO  [org.springframework.boot.web.embedded.tomcat.TomcatWebServer] - Tomcat initialized with port 8181 (http)
13:53:44.394 24.06 INFO  [org.apache.coyote.http11.Http11NioProtocol] - Initializing ProtocolHandler ["http-nio-8181"]
13:53:44.398 24.06 INFO  [org.apache.catalina.core.StandardService] - Starting service [Tomcat]
13:53:44.399 24.06 INFO  [org.apache.catalina.core.StandardEngine] - Starting Servlet engine: [Apache Tomcat/10.1.41]
13:53:44.556 24.06 INFO  [org.apache.catalina.core.ContainerBase.[Tomcat].[localhost].[/]] - Initializing Spring embedded WebApplicationContext
13:53:44.557 24.06 INFO  [org.springframework.boot.web.servlet.context.ServletWebServerApplicationContext] - Root WebApplicationContext: initialization completed in 3473 ms
13:53:45.013 24.06 INFO  [org.hibernate.jpa.internal.util.LogHelper] - HHH000204: Processing PersistenceUnitInfo [name: default]
13:53:45.158 24.06 INFO  [org.hibernate.Version] - HHH000412: Hibernate ORM core version 6.6.15.Final
13:53:45.266 24.06 INFO  [org.hibernate.cache.internal.RegionFactoryInitiator] - HHH000026: Second-level cache disabled
13:53:46.273 24.06 INFO  [org.springframework.orm.jpa.persistenceunit.SpringPersistenceUnitInfo] - No LoadTimeWeaver setup: ignoring JPA class transformer
13:53:46.365 24.06 INFO  [com.zaxxer.hikari.HikariDataSource] - HikariPool-1 - Starting...
13:53:46.923 24.06 INFO  [com.zaxxer.hikari.pool.HikariPool] - HikariPool-1 - Added connection org.postgresql.jdbc.PgConnection@5beb6be2
13:53:46.927 24.06 INFO  [com.zaxxer.hikari.HikariDataSource] - HikariPool-1 - Start completed.
13:53:47.183 24.06 INFO  [org.hibernate.orm.connections.pooling] - HHH10001005: Database info:
	Database JDBC URL [Connecting through datasource 'HikariDataSource (HikariPool-1)']
	Database driver: undefined/unknown
	Database version: 17.5
	Autocommit mode: undefined/unknown
	Isolation level: undefined/unknown
	Minimum pool size: undefined/unknown
	Maximum pool size: undefined/unknown
13:53:47.206 24.06 DEBUG [org.hibernate.type.descriptor.sql.spi.DdlTypeRegistry] - addDescriptor(2003, org.hibernate.type.descriptor.sql.internal.ArrayDdlTypeImpl@7f305f34) replaced previous registration(org.hibernate.type.descriptor.sql.internal.ArrayDdlTypeImpl@1a84a8b2)
13:53:47.207 24.06 DEBUG [org.hibernate.type.descriptor.sql.spi.DdlTypeRegistry] - addDescriptor(6, org.hibernate.type.descriptor.sql.internal.CapacityDependentDdlType@601d295) replaced previous registration(org.hibernate.type.descriptor.sql.internal.DdlTypeImpl@485451d8)
13:53:50.349 24.06 INFO  [org.springframework.orm.jpa.LocalContainerEntityManagerFactoryBean] - Initialized JPA EntityManagerFactory for persistence unit 'default'
13:53:51.012 24.06 INFO  [org.springframework.data.jpa.repository.query.QueryEnhancerFactory] - Hibernate is in classpath; If applicable, HQL parser will be used.
13:53:51.243 24.06 WARN  [org.springframework.boot.autoconfigure.orm.jpa.JpaBaseConfiguration$JpaWebConfiguration] - spring.jpa.open-in-view is enabled by default. Therefore, database queries may be performed during view rendering. Explicitly configure spring.jpa.open-in-view to disable this warning
13:53:51.345 24.06 INFO  [org.springframework.validation.beanvalidation.OptionalValidatorFactoryBean] - Failed to set up a Bean Validation provider: jakarta.validation.NoProviderFoundException: Unable to create a Configuration, because no Jakarta Validation provider could be found. Add a provider like Hibernate Validator (RI) to your classpath.
13:53:52.502 24.06 INFO  [org.apache.coyote.http11.Http11NioProtocol] - Starting ProtocolHandler ["http-nio-8181"]
13:53:52.553 24.06 INFO  [org.springframework.boot.web.embedded.tomcat.TomcatWebServer] - Tomcat started on port 8181 (http) with context path '/'
13:53:52.583 24.06 INFO  [ru.aston.SpringEducationalProjectApplication] - Started SpringEducationalProjectApplication in 12.97 seconds (process running for 15.184)
13:54:02.624 24.06 INFO  [org.apache.catalina.core.ContainerBase.[Tomcat].[localhost].[/]] - Initializing Spring DispatcherServlet 'dispatcherServlet'
13:54:02.624 24.06 INFO  [org.springframework.web.servlet.DispatcherServlet] - Initializing Servlet 'dispatcherServlet'
13:54:02.625 24.06 INFO  [org.springframework.web.servlet.DispatcherServlet] - Completed initialization in 1 ms
13:54:02.798 24.06 INFO  [ru.aston.service.impl.UserServiceImpl] - createUser() UserDTO  = User: id = 100; name = test; email = pashkin.computer@gmail.com; age = 18; createdAt = 21 ноября 2018 11:13:13.
13:54:02.807 24.06 INFO  [ru.aston.service.impl.UserServiceImpl] - createUser() = User: id = 100; name = test; email = pashkin.computer@gmail.com; age = 18; createdAt = 21 ноября 2018 11:13:13.
13:54:02.853 24.06 DEBUG [org.hibernate.SQL] - 
    select
        u1_0.id,
        u1_0.age,
        u1_0.created_at,
        u1_0.email,
        u1_0.name 
    from
        users u1_0 
    where
        u1_0.id=?
13:54:02.921 24.06 DEBUG [org.hibernate.SQL] - 
    /* insert for
        ru.aston.entity.User */insert 
    into
        users (age, created_at, email, name, id) 
    values
        (?, ?, ?, ?, ?)
13:54:02.932 24.06 INFO  [ru.aston.kafka.Producer] - sendMessage() topic = USERS, key = create, message = pashkin.computer@gmail.com
13:54:02.974 24.06 INFO  [org.apache.kafka.clients.producer.ProducerConfig] - ProducerConfig values: 
	acks = -1
	auto.include.jmx.reporter = true
	batch.size = 16384
	bootstrap.servers = [localhost:9092]
	buffer.memory = 33554432
	client.dns.lookup = use_all_dns_ips
	client.id = example-1
	compression.gzip.level = -1
	compression.lz4.level = 9
	compression.type = none
	compression.zstd.level = 3
	connections.max.idle.ms = 540000
	delivery.timeout.ms = 120000
	enable.idempotence = true
	enable.metrics.push = true
	interceptor.classes = []
	key.serializer = class org.apache.kafka.common.serialization.StringSerializer
	linger.ms = 0
	max.block.ms = 60000
	max.in.flight.requests.per.connection = 5
	max.request.size = 1048576
	metadata.max.age.ms = 300000
	metadata.max.idle.ms = 300000
	metadata.recovery.strategy = none
	metric.reporters = []
	metrics.num.samples = 2
	metrics.recording.level = INFO
	metrics.sample.window.ms = 30000
	partitioner.adaptive.partitioning.enable = true
	partitioner.availability.timeout.ms = 0
	partitioner.class = null
	partitioner.ignore.keys = false
	receive.buffer.bytes = 32768
	reconnect.backoff.max.ms = 1000
	reconnect.backoff.ms = 50
	request.timeout.ms = 30000
	retries = 2
	retry.backoff.max.ms = 1000
	retry.backoff.ms = 100
	sasl.client.callback.handler.class = null
	sasl.jaas.config = null
	sasl.kerberos.kinit.cmd = /usr/bin/kinit
	sasl.kerberos.min.time.before.relogin = 60000
	sasl.kerberos.service.name = null
	sasl.kerberos.ticket.renew.jitter = 0.05
	sasl.kerberos.ticket.renew.window.factor = 0.8
	sasl.login.callback.handler.class = null
	sasl.login.class = null
	sasl.login.connect.timeout.ms = null
	sasl.login.read.timeout.ms = null
	sasl.login.refresh.buffer.seconds = 300
	sasl.login.refresh.min.period.seconds = 60
	sasl.login.refresh.window.factor = 0.8
	sasl.login.refresh.window.jitter = 0.05
	sasl.login.retry.backoff.max.ms = 10000
	sasl.login.retry.backoff.ms = 100
	sasl.mechanism = GSSAPI
	sasl.oauthbearer.clock.skew.seconds = 30
	sasl.oauthbearer.expected.audience = null
	sasl.oauthbearer.expected.issuer = null
	sasl.oauthbearer.header.urlencode = false
	sasl.oauthbearer.jwks.endpoint.refresh.ms = 3600000
	sasl.oauthbearer.jwks.endpoint.retry.backoff.max.ms = 10000
	sasl.oauthbearer.jwks.endpoint.retry.backoff.ms = 100
	sasl.oauthbearer.jwks.endpoint.url = null
	sasl.oauthbearer.scope.claim.name = scope
	sasl.oauthbearer.sub.claim.name = sub
	sasl.oauthbearer.token.endpoint.url = null
	security.protocol = PLAINTEXT
	security.providers = null
	send.buffer.bytes = 131072
	socket.connection.setup.timeout.max.ms = 30000
	socket.connection.setup.timeout.ms = 10000
	ssl.cipher.suites = null
	ssl.enabled.protocols = [TLSv1.2, TLSv1.3]
	ssl.endpoint.identification.algorithm = https
	ssl.engine.factory.class = null
	ssl.key.password = null
	ssl.keymanager.algorithm = SunX509
	ssl.keystore.certificate.chain = null
	ssl.keystore.key = null
	ssl.keystore.location = null
	ssl.keystore.password = null
	ssl.keystore.type = JKS
	ssl.protocol = TLSv1.3
	ssl.provider = null
	ssl.secure.random.implementation = null
	ssl.trustmanager.algorithm = PKIX
	ssl.truststore.certificates = null
	ssl.truststore.location = null
	ssl.truststore.password = null
	ssl.truststore.type = JKS
	transaction.timeout.ms = 60000
	transactional.id = null
	value.serializer = class org.apache.kafka.common.serialization.StringSerializer

13:54:03.023 24.06 INFO  [org.apache.kafka.common.telemetry.internals.KafkaMetricsCollector] - initializing Kafka metrics collector
13:54:03.045 24.06 INFO  [org.apache.kafka.clients.producer.KafkaProducer] - [Producer clientId=example-1] Instantiated an idempotent producer.
13:54:03.105 24.06 INFO  [org.apache.kafka.common.utils.AppInfoParser] - Kafka version: 3.9.1
13:54:03.105 24.06 INFO  [org.apache.kafka.common.utils.AppInfoParser] - Kafka commitId: f745dfdcee2b9851
13:54:03.105 24.06 INFO  [org.apache.kafka.common.utils.AppInfoParser] - Kafka startTimeMs: 1750762443102
13:54:03.705 24.06 INFO  [org.apache.kafka.clients.Metadata] - [Producer clientId=example-1] Cluster ID: yx0ezkn8QHCNNxsAeyXmLA
13:54:03.707 24.06 INFO  [org.apache.kafka.clients.producer.internals.TransactionManager] - [Producer clientId=example-1] ProducerId set to 1000 with epoch 0
13:54:21.153 24.06 INFO  [ru.aston.service.impl.UserServiceImpl] - deleteUser() id = 100
13:54:21.153 24.06 INFO  [ru.aston.service.impl.UserServiceImpl] - deleteUserById() id = 100
13:54:21.160 24.06 DEBUG [org.hibernate.SQL] - 
    select
        u1_0.id,
        u1_0.age,
        u1_0.created_at,
        u1_0.email,
        u1_0.name 
    from
        users u1_0 
    where
        u1_0.id=?
13:54:21.219 24.06 DEBUG [org.hibernate.SQL] - 
    /* dynamic native SQL query */ DELETE 
    FROM
        users 
    WHERE
        id = ?
13:54:21.222 24.06 INFO  [ru.aston.kafka.Producer] - sendMessage() topic = USERS, key = remove, message = pashkin.computer@gmail.com
13:54:35.163 24.06 INFO  [org.springframework.boot.web.embedded.tomcat.GracefulShutdown] - Commencing graceful shutdown. Waiting for active requests to complete
13:54:35.179 24.06 INFO  [org.springframework.boot.web.embedded.tomcat.GracefulShutdown] - Graceful shutdown complete
13:54:35.182 24.06 INFO  [org.apache.kafka.clients.producer.KafkaProducer] - [Producer clientId=example-1] Closing the Kafka producer with timeoutMillis = 30000 ms.
13:54:35.199 24.06 INFO  [org.apache.kafka.common.metrics.Metrics] - Metrics scheduler closed
13:54:35.199 24.06 INFO  [org.apache.kafka.common.metrics.Metrics] - Closing reporter org.apache.kafka.common.metrics.JmxReporter
13:54:35.199 24.06 INFO  [org.apache.kafka.common.metrics.Metrics] - Closing reporter org.apache.kafka.common.telemetry.internals.ClientTelemetryReporter
13:54:35.199 24.06 INFO  [org.apache.kafka.common.metrics.Metrics] - Metrics reporters closed
13:54:35.200 24.06 INFO  [org.apache.kafka.common.utils.AppInfoParser] - App info kafka.producer for example-1 unregistered
13:54:35.204 24.06 INFO  [org.springframework.orm.jpa.LocalContainerEntityManagerFactoryBean] - Closing JPA EntityManagerFactory for persistence unit 'default'
13:54:35.209 24.06 INFO  [com.zaxxer.hikari.HikariDataSource] - HikariPool-1 - Shutdown initiated...
13:54:35.213 24.06 INFO  [com.zaxxer.hikari.HikariDataSource] - HikariPool-1 - Shutdown completed.
